<?xml version="1.0" encoding="UTF-8"?>
<coverage generated="1507425756117" clover="3.2.0">
  <project timestamp="1507425756117" name="All files">
    <metrics statements="43" coveredstatements="16" conditionals="10" coveredconditionals="0" methods="17" coveredmethods="5" elements="70" coveredelements="21" complexity="0" loc="43" ncloc="43" packages="2" files="2" classes="2">
      <package name="config">
        <metrics statements="1" coveredstatements="1" conditionals="0" coveredconditionals="0" methods="0" coveredmethods="0"/>
        <file name="enzymeAdapter.js" path="C:\Users\regin\OneDrive\Development\react-native-webview-braintree\config\enzymeAdapter.js">
          <metrics statements="1" coveredstatements="1" conditionals="0" coveredconditionals="0" methods="0" coveredmethods="0"/>
          <line num="4" count="1" type="stmt"/>
        </file>
      </package>
      <package name="web">
        <metrics statements="42" coveredstatements="15" conditionals="10" coveredconditionals="0" methods="17" coveredmethods="5"/>
        <file name="braintreeReact.js" path="C:\Users\regin\OneDrive\Development\react-native-webview-braintree\web\braintreeReact.js">
          <metrics statements="42" coveredstatements="15" conditionals="10" coveredconditionals="0" methods="17" coveredmethods="5"/>
          <line num="9" count="1" type="stmt"/>
          <line num="11" count="1" type="stmt"/>
          <line num="14" count="1" type="stmt"/>
          <line num="17" count="1" type="stmt"/>
          <line num="27" count="1" type="stmt"/>
          <line num="39" count="1" type="stmt"/>
          <line num="40" count="0" type="cond" truecount="0" falsecount="2"/>
          <line num="41" count="0" type="stmt"/>
          <line num="42" count="0" type="stmt"/>
          <line num="43" count="0" type="stmt"/>
          <line num="44" count="0" type="cond" truecount="0" falsecount="2"/>
          <line num="45" count="0" type="stmt"/>
          <line num="46" count="0" type="stmt"/>
          <line num="47" count="0" type="stmt"/>
          <line num="53" count="2" type="stmt"/>
          <line num="54" count="2" type="stmt"/>
          <line num="61" count="2" type="stmt"/>
          <line num="71" count="2" type="stmt"/>
          <line num="73" count="0" type="cond" truecount="0" falsecount="2"/>
          <line num="74" count="0" type="stmt"/>
          <line num="76" count="0" type="cond" truecount="0" falsecount="2"/>
          <line num="77" count="0" type="stmt"/>
          <line num="83" count="2" type="stmt"/>
          <line num="85" count="0" type="stmt"/>
          <line num="90" count="2" type="stmt"/>
          <line num="92" count="0" type="stmt"/>
          <line num="97" count="2" type="stmt"/>
          <line num="98" count="0" type="stmt"/>
          <line num="99" count="0" type="stmt"/>
          <line num="109" count="0" type="stmt"/>
          <line num="118" count="0" type="stmt"/>
          <line num="124" count="0" type="stmt"/>
          <line num="128" count="0" type="stmt"/>
          <line num="139" count="0" type="stmt"/>
          <line num="143" count="0" type="stmt"/>
          <line num="150" count="0" type="stmt"/>
          <line num="151" count="0" type="cond" truecount="0" falsecount="2"/>
          <line num="153" count="0" type="stmt"/>
          <line num="161" count="0" type="stmt"/>
          <line num="172" count="0" type="stmt"/>
          <line num="176" count="2" type="stmt"/>
          <line num="179" count="1" type="stmt"/>
        </file>
      </package>
    </metrics>
  </project>
</coverage>
