{"C:\\Users\\regin\\OneDrive\\Development\\react-native-webview-braintree\\config\\enzymeAdapter.js": {"path":"C:\\Users\\regin\\OneDrive\\Development\\react-native-webview-braintree\\config\\enzymeAdapter.js","statementMap":{"0":{"start":{"line":4,"column":0},"end":{"line":4,"column":45}}},"fnMap":{},"branchMap":{},"s":{"0":1},"f":{},"b":{},"_coverageSchema":"332fd63041d2c1bcb487cc26dd0d5f7d97098a6c","hash":"020b47468cc9ea2c5e3a543012b5b1a601313027"}
,"C:\\Users\\regin\\OneDrive\\Development\\react-native-webview-braintree\\web\\braintreeReact.js": {"path":"C:\\Users\\regin\\OneDrive\\Development\\react-native-webview-braintree\\web\\braintreeReact.js","statementMap":{"0":{"start":{"line":9,"column":13},"end":{"line":9,"column":28}},"1":{"start":{"line":11,"column":24},"end":{"line":13,"column":2}},"2":{"start":{"line":14,"column":24},"end":{"line":16,"column":2}},"3":{"start":{"line":17,"column":15},"end":{"line":26,"column":2}},"4":{"start":{"line":27,"column":26},"end":{"line":35,"column":2}},"5":{"start":{"line":39,"column":21},"end":{"line":49,"column":1}},"6":{"start":{"line":40,"column":2},"end":{"line":48,"column":3}},"7":{"start":{"line":41,"column":13},"end":{"line":41,"column":42}},"8":{"start":{"line":42,"column":4},"end":{"line":42,"column":74}},"9":{"start":{"line":43,"column":4},"end":{"line":43,"column":56}},"10":{"start":{"line":44,"column":9},"end":{"line":48,"column":3}},"11":{"start":{"line":45,"column":13},"end":{"line":45,"column":42}},"12":{"start":{"line":46,"column":4},"end":{"line":46,"column":24}},"13":{"start":{"line":47,"column":4},"end":{"line":47,"column":56}},"14":{"start":{"line":53,"column":4},"end":{"line":53,"column":12}},"15":{"start":{"line":54,"column":4},"end":{"line":56,"column":6}},"16":{"start":{"line":61,"column":4},"end":{"line":61,"column":36}},"17":{"start":{"line":71,"column":4},"end":{"line":79,"column":7}},"18":{"start":{"line":73,"column":6},"end":{"line":75,"column":7}},"19":{"start":{"line":74,"column":8},"end":{"line":74,"column":59}},"20":{"start":{"line":76,"column":6},"end":{"line":78,"column":7}},"21":{"start":{"line":77,"column":8},"end":{"line":77,"column":55}},"22":{"start":{"line":83,"column":4},"end":{"line":86,"column":7}},"23":{"start":{"line":85,"column":6},"end":{"line":85,"column":68}},"24":{"start":{"line":90,"column":4},"end":{"line":93,"column":7}},"25":{"start":{"line":92,"column":6},"end":{"line":92,"column":68}},"26":{"start":{"line":97,"column":4},"end":{"line":100,"column":7}},"27":{"start":{"line":98,"column":6},"end":{"line":98,"column":67}},"28":{"start":{"line":99,"column":6},"end":{"line":99,"column":40}},"29":{"start":{"line":109,"column":4},"end":{"line":109,"column":34}},"30":{"start":{"line":118,"column":4},"end":{"line":132,"column":9}},"31":{"start":{"line":124,"column":8},"end":{"line":124,"column":36}},"32":{"start":{"line":128,"column":8},"end":{"line":131,"column":11}},"33":{"start":{"line":139,"column":4},"end":{"line":139,"column":63}},"34":{"start":{"line":143,"column":4},"end":{"line":147,"column":7}},"35":{"start":{"line":150,"column":4},"end":{"line":168,"column":7}},"36":{"start":{"line":151,"column":6},"end":{"line":167,"column":7}},"37":{"start":{"line":153,"column":8},"end":{"line":158,"column":11}},"38":{"start":{"line":161,"column":8},"end":{"line":166,"column":11}},"39":{"start":{"line":172,"column":4},"end":{"line":172,"column":37}},"40":{"start":{"line":176,"column":4},"end":{"line":215,"column":6}},"41":{"start":{"line":179,"column":10},"end":{"line":179,"column":40}}},"fnMap":{"0":{"name":"(anonymous_0)","decl":{"start":{"line":39,"column":21},"end":{"line":39,"column":22}},"loc":{"start":{"line":39,"column":29},"end":{"line":49,"column":1}},"line":39},"1":{"name":"(anonymous_1)","decl":{"start":{"line":52,"column":2},"end":{"line":52,"column":3}},"loc":{"start":{"line":52,"column":16},"end":{"line":57,"column":3}},"line":52},"2":{"name":"(anonymous_2)","decl":{"start":{"line":59,"column":22},"end":{"line":59,"column":23}},"loc":{"start":{"line":59,"column":28},"end":{"line":62,"column":3}},"line":59},"3":{"name":"(anonymous_3)","decl":{"start":{"line":67,"column":29},"end":{"line":67,"column":30}},"loc":{"start":{"line":67,"column":35},"end":{"line":103,"column":3}},"line":67},"4":{"name":"(anonymous_4)","decl":{"start":{"line":71,"column":42},"end":{"line":71,"column":43}},"loc":{"start":{"line":71,"column":51},"end":{"line":79,"column":5}},"line":71},"5":{"name":"(anonymous_5)","decl":{"start":{"line":83,"column":44},"end":{"line":83,"column":45}},"loc":{"start":{"line":83,"column":53},"end":{"line":86,"column":5}},"line":83},"6":{"name":"(anonymous_6)","decl":{"start":{"line":90,"column":46},"end":{"line":90,"column":47}},"loc":{"start":{"line":90,"column":55},"end":{"line":93,"column":5}},"line":90},"7":{"name":"(anonymous_7)","decl":{"start":{"line":97,"column":45},"end":{"line":97,"column":46}},"loc":{"start":{"line":97,"column":54},"end":{"line":100,"column":5}},"line":97},"8":{"name":"(anonymous_8)","decl":{"start":{"line":108,"column":19},"end":{"line":108,"column":20}},"loc":{"start":{"line":108,"column":34},"end":{"line":110,"column":3}},"line":108},"9":{"name":"(anonymous_9)","decl":{"start":{"line":115,"column":23},"end":{"line":115,"column":24}},"loc":{"start":{"line":115,"column":38},"end":{"line":133,"column":3}},"line":115},"10":{"name":"(anonymous_10)","decl":{"start":{"line":123,"column":12},"end":{"line":123,"column":13}},"loc":{"start":{"line":123,"column":24},"end":{"line":125,"column":7}},"line":123},"11":{"name":"(anonymous_11)","decl":{"start":{"line":126,"column":13},"end":{"line":126,"column":14}},"loc":{"start":{"line":126,"column":27},"end":{"line":132,"column":7}},"line":126},"12":{"name":"(anonymous_12)","decl":{"start":{"line":137,"column":38},"end":{"line":137,"column":39}},"loc":{"start":{"line":137,"column":44},"end":{"line":169,"column":3}},"line":137},"13":{"name":"(anonymous_13)","decl":{"start":{"line":150,"column":45},"end":{"line":150,"column":46}},"loc":{"start":{"line":150,"column":69},"end":{"line":168,"column":5}},"line":150},"14":{"name":"(anonymous_14)","decl":{"start":{"line":171,"column":29},"end":{"line":171,"column":30}},"loc":{"start":{"line":171,"column":35},"end":{"line":173,"column":3}},"line":171},"15":{"name":"(anonymous_15)","decl":{"start":{"line":175,"column":11},"end":{"line":175,"column":12}},"loc":{"start":{"line":175,"column":17},"end":{"line":216,"column":3}},"line":175},"16":{"name":"(anonymous_16)","decl":{"start":{"line":178,"column":13},"end":{"line":178,"column":14}},"loc":{"start":{"line":178,"column":26},"end":{"line":180,"column":9}},"line":178}},"branchMap":{"0":{"loc":{"start":{"line":40,"column":2},"end":{"line":48,"column":3}},"type":"if","locations":[{"start":{"line":40,"column":2},"end":{"line":48,"column":3}},{"start":{"line":40,"column":2},"end":{"line":48,"column":3}}],"line":40},"1":{"loc":{"start":{"line":44,"column":9},"end":{"line":48,"column":3}},"type":"if","locations":[{"start":{"line":44,"column":9},"end":{"line":48,"column":3}},{"start":{"line":44,"column":9},"end":{"line":48,"column":3}}],"line":44},"2":{"loc":{"start":{"line":73,"column":6},"end":{"line":75,"column":7}},"type":"if","locations":[{"start":{"line":73,"column":6},"end":{"line":75,"column":7}},{"start":{"line":73,"column":6},"end":{"line":75,"column":7}}],"line":73},"3":{"loc":{"start":{"line":76,"column":6},"end":{"line":78,"column":7}},"type":"if","locations":[{"start":{"line":76,"column":6},"end":{"line":78,"column":7}},{"start":{"line":76,"column":6},"end":{"line":78,"column":7}}],"line":76},"4":{"loc":{"start":{"line":151,"column":6},"end":{"line":167,"column":7}},"type":"if","locations":[{"start":{"line":151,"column":6},"end":{"line":167,"column":7}},{"start":{"line":151,"column":6},"end":{"line":167,"column":7}}],"line":151}},"s":{"0":1,"1":1,"2":1,"3":1,"4":1,"5":1,"6":0,"7":0,"8":0,"9":0,"10":0,"11":0,"12":0,"13":0,"14":2,"15":2,"16":2,"17":2,"18":0,"19":0,"20":0,"21":0,"22":2,"23":0,"24":2,"25":0,"26":2,"27":0,"28":0,"29":0,"30":0,"31":0,"32":0,"33":0,"34":0,"35":0,"36":0,"37":0,"38":0,"39":0,"40":2,"41":1},"f":{"0":0,"1":2,"2":2,"3":2,"4":0,"5":0,"6":0,"7":0,"8":0,"9":0,"10":0,"11":0,"12":0,"13":0,"14":0,"15":2,"16":1},"b":{"0":[0,0],"1":[0,0],"2":[0,0],"3":[0,0],"4":[0,0]},"_coverageSchema":"332fd63041d2c1bcb487cc26dd0d5f7d97098a6c","hash":"c8abaeea23b681d2e6eecd5ea0deb47a27d538f8"}
}
