TN:
SF:C:\Users\regin\OneDrive\Development\react-native-webview-braintree\config\enzymeAdapter.js
FNF:0
FNH:0
DA:4,1
LF:1
LH:1
BRF:0
BRH:0
end_of_record
TN:
SF:C:\Users\regin\OneDrive\Development\react-native-webview-braintree\web\braintreeReact.js
FN:39,(anonymous_0)
FN:52,(anonymous_1)
FN:59,(anonymous_2)
FN:67,(anonymous_3)
FN:71,(anonymous_4)
FN:83,(anonymous_5)
FN:90,(anonymous_6)
FN:97,(anonymous_7)
FN:108,(anonymous_8)
FN:115,(anonymous_9)
FN:123,(anonymous_10)
FN:126,(anonymous_11)
FN:137,(anonymous_12)
FN:150,(anonymous_13)
FN:171,(anonymous_14)
FN:175,(anonymous_15)
FN:178,(anonymous_16)
FNF:17
FNH:5
FNDA:0,(anonymous_0)
FNDA:2,(anonymous_1)
FNDA:2,(anonymous_2)
FNDA:2,(anonymous_3)
FNDA:0,(anonymous_4)
FNDA:0,(anonymous_5)
FNDA:0,(anonymous_6)
FNDA:0,(anonymous_7)
FNDA:0,(anonymous_8)
FNDA:0,(anonymous_9)
FNDA:0,(anonymous_10)
FNDA:0,(anonymous_11)
FNDA:0,(anonymous_12)
FNDA:0,(anonymous_13)
FNDA:0,(anonymous_14)
FNDA:2,(anonymous_15)
FNDA:1,(anonymous_16)
DA:9,1
DA:11,1
DA:14,1
DA:17,1
DA:27,1
DA:39,1
DA:40,0
DA:41,0
DA:42,0
DA:43,0
DA:44,0
DA:45,0
DA:46,0
DA:47,0
DA:53,2
DA:54,2
DA:61,2
DA:71,2
DA:73,0
DA:74,0
DA:76,0
DA:77,0
DA:83,2
DA:85,0
DA:90,2
DA:92,0
DA:97,2
DA:98,0
DA:99,0
DA:109,0
DA:118,0
DA:124,0
DA:128,0
DA:139,0
DA:143,0
DA:150,0
DA:151,0
DA:153,0
DA:161,0
DA:172,0
DA:176,2
DA:179,1
LF:42
LH:15
BRDA:40,0,0,0
BRDA:40,0,1,0
BRDA:44,1,0,0
BRDA:44,1,1,0
BRDA:73,2,0,0
BRDA:73,2,1,0
BRDA:76,3,0,0
BRDA:76,3,1,0
BRDA:151,4,0,0
BRDA:151,4,1,0
BRF:10
BRH:0
end_of_record
